#
# There is insufficient memory for the Java Runtime Environment to continue.
# Native memory allocation (mmap) failed to map 132120576 bytes for G1 virtual space
# Possible reasons:
#   The system is out of physical RAM or swap space
#   The process is running with CompressedOops enabled, and the Java Heap may be blocking the growth of the native heap
# Possible solutions:
#   Reduce memory load on the system
#   Increase physical memory or swap space
#   Check if swap backing store is full
#   Decrease Java heap size (-Xmx/-Xms)
#   Decrease number of Java threads
#   Decrease Java thread stack sizes (-Xss)
#   Set larger code cache with -XX:ReservedCodeCacheSize=
#   JVM is running with Unscaled Compressed Oops mode in which the Java heap is
#     placed in the first 4GB address space. The Java Heap base address is the
#     maximum limit for the native heap growth. Please use -XX:HeapBaseMinAddress
#     to set the Java Heap base and to place the Java Heap above 4GB virtual address.
# This output file may be truncated or incomplete.
#
#  Out of Memory Error (os_windows.cpp:3548), pid=31140, tid=17180
#
# JRE version:  (17.0.10+11) (build )
# Java VM: Java HotSpot(TM) 64-Bit Server VM (17.0.10+11-LTS-240, mixed mode, sharing, tiered, compressed oops, compressed class ptrs, g1 gc, windows-amd64)
# No core dump will be written. Minidumps are not enabled by default on client versions of Windows
#

---------------  S U M M A R Y ------------

Command Line: -ea -Didea.test.cyclic.buffer.size=1048576 -javaagent:C:\Program Files\JetBrains\IntelliJ IDEA Community Edition 2023.1\lib\idea_rt.jar=57735:C:\Program Files\JetBrains\IntelliJ IDEA Community Edition 2023.1\bin -Dfile.encoding=UTF-8 com.intellij.rt.junit.JUnitStarter -ideVersion5 -junit5 tests.LoginTests

Host: Intel(R) Core(TM) i5-10210U CPU @ 1.60GHz, 8 cores, 7G,  Windows 11 , 64 bit Build 22621 (10.0.22621.4391)
Time: Sat Jan 11 00:28:38 2025 Türkiye Standart Saati elapsed time: 0.025455 seconds (0d 0h 0m 0s)

---------------  T H R E A D  ---------------

Current thread (0x0000028fa92ccdd0):  JavaThread "Unknown thread" [_thread_in_vm, id=17180, stack(0x000000fdee500000,0x000000fdee600000)]

Stack: [0x000000fdee500000,0x000000fdee600000]
Native frames: (J=compiled Java code, j=interpreted, Vv=VM code, C=native code)
V  [jvm.dll+0x677a5a]
V  [jvm.dll+0x7d8b2d]
V  [jvm.dll+0x7da48e]
V  [jvm.dll+0x7daaf3]
V  [jvm.dll+0x2455ff]
V  [jvm.dll+0x6749b9]
V  [jvm.dll+0x669382]
V  [jvm.dll+0x302e96]
V  [jvm.dll+0x30a416]
V  [jvm.dll+0x359cbe]
V  [jvm.dll+0x359eef]
V  [jvm.dll+0x2d9e88]
V  [jvm.dll+0x2dadf4]
V  [jvm.dll+0x7aa551]
V  [jvm.dll+0x367911]
V  [jvm.dll+0x789639]
V  [jvm.dll+0x3eb30f]
V  [jvm.dll+0x3ecd91]
C  [jli.dll+0x5297]
C  [ucrtbase.dll+0x29333]
C  [KERNEL32.DLL+0x1259d]
C  [ntdll.dll+0x5af38]


---------------  P R O C E S S  ---------------

Threads class SMR info:
_java_thread_list=0x00007ffb22366a18, length=0, elements={
}

Java Threads: ( => current thread )

Other Threads:
  0x0000028fa9327370 GCTaskThread "GC Thread#0" [stack: 0x000000fdee600000,0x000000fdee700000] [id=26840]
  0x0000028fa9338a90 ConcurrentGCThread "G1 Main Marker" [stack: 0x000000fdee700000,0x000000fdee800000] [id=2352]
  0x0000028fa933ab50 ConcurrentGCThread "G1 Conc#0" [stack: 0x000000fdee800000,0x000000fdee900000] [id=28660]

[error occurred during error reporting (printing all threads), id 0xc0000005, EXCEPTION_ACCESS_VIOLATION (0xc0000005) at pc=0x00007ffb21b9aae7]

VM state: not at safepoint (not fully initialized)

VM Mutex/Monitor currently owned by a thread:  ([mutex/lock_event])
[0x0000028fa92c9820] Heap_lock - owner thread: 0x0000028fa92ccdd0

Heap address: 0x0000000083a00000, size: 1990 MB, Compressed Oops mode: 32-bit

CDS archive(s) mapped at: [0x0000000000000000-0x0000000000000000-0x0000000000000000), size 0, SharedBaseAddress: 0x0000000800000000, ArchiveRelocationMode: 1.
Narrow klass base: 0x0000000000000000, Narrow klass shift: 0, Narrow klass range: 0x0

GC Precious Log:
<Empty>

Heap:
 garbage-first heap   total 0K, used 0K [0x0000000083a00000, 0x0000000100000000)
  region size 1024K, 0 young (0K), 0 survivors (0K)

[error occurred during error reporting (printing heap information), id 0xc0000005, EXCEPTION_ACCESS_VIOLATION (0xc0000005) at pc=0x00007ffb21f81249]

GC Heap History (0 events):
No events

Deoptimization events (0 events):
No events

Classes unloaded (0 events):
No events

Classes redefined (0 events):
No events

Internal exceptions (0 events):
No events

VM Operations (0 events):
No events

Events (1 events):
Event: 0.016 Loaded shared library C:\Program Files\Java\jdk-17\bin\java.dll


Dynamic libraries:
0x00007ff613a60000 - 0x00007ff613a70000 	C:\Program Files\Java\jdk-17\bin\java.exe
0x00007ffbdcaf0000 - 0x00007ffbdcd07000 	C:\WINDOWS\SYSTEM32\ntdll.dll
0x00007ffbdaa60000 - 0x00007ffbdab24000 	C:\WINDOWS\System32\KERNEL32.DLL
0x00007ffbda210000 - 0x00007ffbda5ca000 	C:\WINDOWS\System32\KERNELBASE.dll
0x00007ffbd9fd0000 - 0x00007ffbda0e1000 	C:\WINDOWS\System32\ucrtbase.dll
0x00007ffbcdc50000 - 0x00007ffbcdc69000 	C:\Program Files\Java\jdk-17\bin\jli.dll
0x00007ffbcdbd0000 - 0x00007ffbcdbeb000 	C:\Program Files\Java\jdk-17\bin\VCRUNTIME140.dll
0x00007ffbdaf90000 - 0x00007ffbdb042000 	C:\WINDOWS\System32\ADVAPI32.dll
0x00007ffbdc950000 - 0x00007ffbdc9f7000 	C:\WINDOWS\System32\msvcrt.dll
0x00007ffbdada0000 - 0x00007ffbdae47000 	C:\WINDOWS\System32\sechost.dll
0x00007ffbda5d0000 - 0x00007ffbda5f8000 	C:\WINDOWS\System32\bcrypt.dll
0x00007ffbda7f0000 - 0x00007ffbda904000 	C:\WINDOWS\System32\RPCRT4.dll
0x00007ffbdb6b0000 - 0x00007ffbdb85e000 	C:\WINDOWS\System32\USER32.dll
0x00007ffbd9e80000 - 0x00007ffbd9ea6000 	C:\WINDOWS\System32\win32u.dll
0x00007ffbdb510000 - 0x00007ffbdb539000 	C:\WINDOWS\System32\GDI32.dll
0x00007ffbb91e0000 - 0x00007ffbb9472000 	C:\WINDOWS\WinSxS\amd64_microsoft.windows.common-controls_6595b64144ccf1df_6.0.22621.4541_none_2710d1c57384c085\COMCTL32.dll
0x00007ffbda0f0000 - 0x00007ffbda20b000 	C:\WINDOWS\System32\gdi32full.dll
0x00007ffbd9f30000 - 0x00007ffbd9fca000 	C:\WINDOWS\System32\msvcp_win.dll
0x00007ffbd8af0000 - 0x00007ffbd8afa000 	C:\WINDOWS\SYSTEM32\VERSION.dll
0x00007ffbdb050000 - 0x00007ffbdb081000 	C:\WINDOWS\System32\IMM32.DLL
0x00007ffbcfca0000 - 0x00007ffbcfcac000 	C:\Program Files\Java\jdk-17\bin\vcruntime140_1.dll
0x00007ffb994e0000 - 0x00007ffb9956e000 	C:\Program Files\Java\jdk-17\bin\msvcp140.dll
0x00007ffb218b0000 - 0x00007ffb2248f000 	C:\Program Files\Java\jdk-17\bin\server\jvm.dll
0x00007ffbdbd90000 - 0x00007ffbdbd98000 	C:\WINDOWS\System32\PSAPI.DLL
0x00007ffbd0e70000 - 0x00007ffbd0ea4000 	C:\WINDOWS\SYSTEM32\WINMM.dll
0x00007ffb5d620000 - 0x00007ffb5d629000 	C:\WINDOWS\SYSTEM32\WSOCK32.dll
0x00007ffbdb870000 - 0x00007ffbdb8e1000 	C:\WINDOWS\System32\WS2_32.dll
0x00007ffbd8ef0000 - 0x00007ffbd8f08000 	C:\WINDOWS\SYSTEM32\kernel.appcore.dll
0x00007ffbcf890000 - 0x00007ffbcf89a000 	C:\Program Files\Java\jdk-17\bin\jimage.dll
0x00007ffbd3b40000 - 0x00007ffbd3d72000 	C:\WINDOWS\SYSTEM32\DBGHELP.DLL
0x00007ffbdb8f0000 - 0x00007ffbdbc7f000 	C:\WINDOWS\System32\combase.dll
0x00007ffbdaea0000 - 0x00007ffbdaf77000 	C:\WINDOWS\System32\OLEAUT32.dll
0x00007ffbae560000 - 0x00007ffbae592000 	C:\WINDOWS\SYSTEM32\dbgcore.DLL
0x00007ffbd9eb0000 - 0x00007ffbd9f2b000 	C:\WINDOWS\System32\bcryptPrimitives.dll
0x00007ffbcb9e0000 - 0x00007ffbcb9ee000 	C:\Program Files\Java\jdk-17\bin\instrument.dll
0x00007ffbcb9f0000 - 0x00007ffbcba15000 	C:\Program Files\Java\jdk-17\bin\java.dll

dbghelp: loaded successfully - version: 4.0.5 - missing functions: none
symbol engine: initialized successfully - sym options: 0x614 - pdb path: .;C:\Program Files\Java\jdk-17\bin;C:\WINDOWS\SYSTEM32;C:\WINDOWS\WinSxS\amd64_microsoft.windows.common-controls_6595b64144ccf1df_6.0.22621.4541_none_2710d1c57384c085;C:\Program Files\Java\jdk-17\bin\server

VM Arguments:
jvm_args: -ea -Didea.test.cyclic.buffer.size=1048576 -javaagent:C:\Program Files\JetBrains\IntelliJ IDEA Community Edition 2023.1\lib\idea_rt.jar=57735:C:\Program Files\JetBrains\IntelliJ IDEA Community Edition 2023.1\bin -Dfile.encoding=UTF-8 
java_command: com.intellij.rt.junit.JUnitStarter -ideVersion5 -junit5 tests.LoginTests
java_class_path (initial): C:\Users\testinium\.m2\repository\org\junit\platform\junit-platform-launcher\1.10.1\junit-platform-launcher-1.10.1.jar;C:\Users\testinium\.m2\repository\org\junit\platform\junit-platform-engine\1.10.1\junit-platform-engine-1.10.1.jar;C:\Users\testinium\.m2\repository\org\junit\jupiter\junit-jupiter-engine\5.10.1\junit-jupiter-engine-5.10.1.jar;C:\Program Files\JetBrains\IntelliJ IDEA Community Edition 2023.1\lib\idea_rt.jar;C:\Program Files\JetBrains\IntelliJ IDEA Community Edition 2023.1\plugins\junit\lib\junit5-rt.jar;C:\Program Files\JetBrains\IntelliJ IDEA Community Edition 2023.1\plugins\junit\lib\junit-rt.jar;C:\Users\testinium\Desktop\HepsiBuradaProjem - Kopya\target\test-classes;C:\Users\testinium\Desktop\HepsiBuradaProjem - Kopya\target\classes;C:\Users\testinium\.m2\repository\org\junit\jupiter\junit-jupiter-api\5.10.1\junit-jupiter-api-5.10.1.jar;C:\Users\testinium\.m2\repository\org\opentest4j\opentest4j\1.3.0\opentest4j-1.3.0.jar;C:\Users\testinium\.m2\repository\org\junit\platform\junit-platform-commons\1.10.1\junit-platform-commons-1.10.1.jar;C:\Users\testinium\.m2\repository\org\apiguardian\apiguardian-api\1.1.2\apiguardian-api-1.1.2.jar;C:\Users\testinium\.m2\repository\org\seleniumhq\selenium\selenium-java\4.18.1\selenium-java-4.18.1.jar;C:\Users\testinium\.m2\repository\org\seleniumhq\selenium\selenium-api\4.18.1\selenium-api-4.18.1.jar;C:\Users\testinium\.m2\repository\org\seleniumhq\selenium\selenium-chrome-driver\4.18.1\selenium-chrome-driver-4.18.1.jar;C:\Users\testinium\.m2\repository\com\google\auto\service\auto-service-annotations\1.1.1\auto-service-annotations-1.1.1.jar;C:\Users\testinium\.m2\repository\org\seleniumhq\selenium\selenium-chromium-driver\4.18.1\selenium-chromium-driver-4.18.1.jar;C:\Users\testinium\.m2\repository\org\seleniumhq\selenium\selenium-json\4.18.1\selenium-json-4.18.1.jar;C:\Users\testinium\.m2\repository\org\seleniumhq\selenium\selenium-manager\4.18.1\selenium-manager-4.18.1.jar;C:\User
Launcher Type: SUN_STANDARD

[Global flags]
     intx CICompilerCount                          = 4                                         {product} {ergonomic}
     uint ConcGCThreads                            = 2                                         {product} {ergonomic}
     uint G1ConcRefinementThreads                  = 8                                         {product} {ergonomic}
   size_t G1HeapRegionSize                         = 1048576                                   {product} {ergonomic}
    uintx GCDrainStackTargetSize                   = 64                                        {product} {ergonomic}
   size_t InitialHeapSize                          = 132120576                                 {product} {ergonomic}
   size_t MarkStackSize                            = 4194304                                   {product} {ergonomic}
   size_t MaxHeapSize                              = 2086666240                                {product} {ergonomic}
   size_t MinHeapDeltaBytes                        = 1048576                                   {product} {ergonomic}
   size_t MinHeapSize                              = 8388608                                   {product} {ergonomic}
    uintx NonNMethodCodeHeapSize                   = 5839372                                {pd product} {ergonomic}
    uintx NonProfiledCodeHeapSize                  = 122909434                              {pd product} {ergonomic}
    uintx ProfiledCodeHeapSize                     = 122909434                              {pd product} {ergonomic}
    uintx ReservedCodeCacheSize                    = 251658240                              {pd product} {ergonomic}
     bool SegmentedCodeCache                       = true                                      {product} {ergonomic}
   size_t SoftMaxHeapSize                          = 2086666240                             {manageable} {ergonomic}
     bool UseCompressedClassPointers               = true                           {product lp64_product} {ergonomic}
     bool UseCompressedOops                        = true                           {product lp64_product} {ergonomic}
     bool UseG1GC                                  = true                                      {product} {ergonomic}
     bool UseLargePagesIndividualAllocation        = false                                  {pd product} {ergonomic}

Logging:
Log output configuration:
 #0: stdout all=warning uptime,level,tags
 #1: stderr all=off uptime,level,tags

Environment Variables:
JAVA_HOME=C:\Program Files\Java\jdk-17
PATH=C:\Program Files\Common Files\Oracle\Java\javapath;C:\Program Files (x86)\Common Files\Oracle\Java\javapath;C:\WINDOWS\system32;C:\WINDOWS;C:\WINDOWS\System32\Wbem;C:\WINDOWS\System32\WindowsPowerShell\v1.0\;C:\WINDOWS\System32\OpenSSH\;C:\Program Files\dotnet\;C:\Program Files\Azure Data Studio\bin;C:\Program Files\apache-maven-3.9.1\bin;C:\Program Files\nodejs\;C:\Program Files\Gauge\bin;%JAVA_HOME%\bin;C:\Program Files\Git\cmd;C:\WINDOWS\system32;C:\WINDOWS;C:\WINDOWS\System32\Wbem;C:\WINDOWS\System32\WindowsPowerShell\v1.0\;C:\WINDOWS\System32\OpenSSH\;C:\Program Files (x86)\Microsoft SQL Server\140\Tools\Binn\;C:\Program Files\Microsoft SQL Server\140\Tools\Binn\;C:\Program Files (x86)\Microsoft SQL Server\140\DTS\Binn\;C:\Program Files\Microsoft SQL Server\140\DTS\Binn\;C:\Program Files\Microsoft SQL Server\Client SDK\ODBC\130\Tools\Binn\;C:\Program Files (x86)\Microsoft SQL Server\150\DTS\Binn\;"C:\Users\testinium\AppData\Local\Microsoft\WindowsApps;C:\Program Files\Java\jdk-17\bin";C:\Program Files\Azure Data Studio\bin;C:\Program Files\JetBrains\IntelliJ IDEA Community Edition 2023.1\bin;;C:\Users\testinium\AppData\Roaming\npm;C:\Users\testinium\AppData\Local\Programs\Microsoft VS Code\bin;C:\Program Files\apache-maven-3.9.1\bin;;C:\Users\testinium\AppData\Local\Microsoft\WindowsApps
USERNAME=testinium
OS=Windows_NT
PROCESSOR_IDENTIFIER=Intel64 Family 6 Model 142 Stepping 12, GenuineIntel



---------------  S Y S T E M  ---------------

OS:
 Windows 11 , 64 bit Build 22621 (10.0.22621.4391)
OS uptime: 3 days 20:56 hours

CPU: total 8 (initial active 8) (4 cores per cpu, 2 threads per core) family 6 model 142 stepping 12 microcode 0xfc, cx8, cmov, fxsr, ht, mmx, 3dnowpref, sse, sse2, sse3, ssse3, sse4.1, sse4.2, popcnt, lzcnt, tsc, tscinvbit, avx, avx2, aes, erms, clmul, bmi1, bmi2, adx, fma, vzeroupper, clflush, clflushopt

Memory: 4k page, system-wide physical 7952M (779M free)
TotalPageFile size 28384M (AvailPageFile size 42M)
current process WorkingSet (physical memory assigned to process): 11M, peak: 11M
current process commit charge ("private bytes"): 60M, peak: 186M

vm_info: Java HotSpot(TM) 64-Bit Server VM (17.0.10+11-LTS-240) for windows-amd64 JRE (17.0.10+11-LTS-240), built on Dec 19 2023 21:47:25 by "mach5one" with MS VC++ 17.1 (VS2022)

END.
